=========================
Fcitx 5.1.7 -- Get Signal No.: 6
Date: try "date -d @1770262825" if you are using GNU date ***
ProcessID: 525690
/usr/bin/fcitx5(+0x11b1d)[0x647cf64f9b1d]
/lib/x86_64-linux-gnu/libc.so.6(+0x45330)[0x709632a45330]
/lib/x86_64-linux-gnu/libc.so.6(pthread_kill+0x11c)[0x709632a9eb2c]
/lib/x86_64-linux-gnu/libc.so.6(gsignal+0x1e)[0x709632a4527e]
/lib/x86_64-linux-gnu/libc.so.6(abort+0xdf)[0x709632a288ff]
/lib/x86_64-linux-gnu/libc.so.6(+0x2881b)[0x709632a2881b]
/lib/x86_64-linux-gnu/libc.so.6(+0x3b517)[0x709632a3b517]
/lib/x86_64-linux-gnu/libchewing.so.3(+0x16949)[0x70962afd2949]
/lib/x86_64-linux-gnu/libchewing.so.3(+0x17856)[0x70962afd3856]
/lib/x86_64-linux-gnu/libchewing.so.3(chewing_handle_Default+0x2c3)[0x70962afc9853]
/usr/lib/x86_64-linux-gnu/fcitx5/libchewing.so(+0x12363)[0x70962b019363]
/lib/x86_64-linux-gnu/libFcitx5Core.so.7(_ZNK5fcitx8Instance9postEventERNS_5EventE+0x2d9)[0x7096332c8919]
/lib/x86_64-linux-gnu/libFcitx5Core.so.7(_ZN5fcitx12InputContext8keyEventERNS_8KeyEventE+0xa3)[0x7096332ecc23]
/usr/lib/x86_64-linux-gnu/fcitx5/libibusfrontend.so(+0x1d923)[0x7096302dc923]
/lib/x86_64-linux-gnu/libFcitx5Utils.so.2(+0x411b4)[0x7096332041b4]
/lib/x86_64-linux-gnu/libsystemd.so.0(+0x30e05)[0x709632d50e05]
/lib/x86_64-linux-gnu/libsystemd.so.0(+0x4c494)[0x709632d6c494]
/lib/x86_64-linux-gnu/libsystemd.so.0(+0x4c9ff)[0x709632d6c9ff]
/lib/x86_64-linux-gnu/libsystemd.so.0(+0x8333d)[0x709632da333d]
/lib/x86_64-linux-gnu/libsystemd.so.0(sd_event_dispatch+0x13d)[0x709632da364d]
/lib/x86_64-linux-gnu/libsystemd.so.0(sd_event_run+0xb8)[0x709632da4f48]
/lib/x86_64-linux-gnu/libsystemd.so.0(sd_event_loop+0x5f)[0x709632da516f]
/lib/x86_64-linux-gnu/libFcitx5Utils.so.2(_ZN5fcitx9EventLoop4execEv+0x15)[0x709633202c45]
/lib/x86_64-linux-gnu/libFcitx5Core.so.7(_ZN5fcitx8Instance4execEv+0x61)[0x7096332cca21]
/usr/bin/fcitx5(+0xff71)[0x647cf64f7f71]
/lib/x86_64-linux-gnu/libc.so.6(+0x2a1ca)[0x709632a2a1ca]
/lib/x86_64-linux-gnu/libc.so.6(__libc_start_main+0x8b)[0x709632a2a28b]
/usr/bin/fcitx5(+0x113e5)[0x647cf64f93e5]
